<?xml version="1.0" encoding="UTF-8" ?>
<testsuite failures="0" time="0.154" errors="1" skipped="0" tests="1" name="com.dalian.genpact.tianyaweixin.junit.DemoTest">
  <properties>
    <property name="java.runtime.name" value="Java(TM) SE Runtime Environment"/>
    <property name="sun.boot.library.path" value="C:\Program Files\Java\jdk1.6.0_13\jre\bin"/>
    <property name="java.vm.version" value="11.3-b02"/>
    <property name="java.vm.vendor" value="Sun Microsystems Inc."/>
    <property name="java.vendor.url" value="http://java.sun.com/"/>
    <property name="path.separator" value=";"/>
    <property name="java.vm.name" value="Java HotSpot(TM) Client VM"/>
    <property name="file.encoding.pkg" value="sun.io"/>
    <property name="user.country" value="CN"/>
    <property name="sun.java.launcher" value="SUN_STANDARD"/>
    <property name="sun.os.patch.level" value="Service Pack 1"/>
    <property name="java.vm.specification.name" value="Java Virtual Machine Specification"/>
    <property name="user.dir" value="d:\d\workspace2\tianyaweixin"/>
    <property name="java.runtime.version" value="1.6.0_13-b03"/>
    <property name="java.awt.graphicsenv" value="sun.awt.Win32GraphicsEnvironment"/>
    <property name="basedir" value="d:\d\workspace2\tianyaweixin"/>
    <property name="java.endorsed.dirs" value="C:\Program Files\Java\jdk1.6.0_13\jre\lib\endorsed"/>
    <property name="os.arch" value="x86"/>
    <property name="java.io.tmpdir" value="D:\Users\710000~1\AppData\Local\Temp\"/>
    <property name="line.separator" value="
"/>
    <property name="java.vm.specification.vendor" value="Sun Microsystems Inc."/>
    <property name="user.variant" value=""/>
    <property name="os.name" value="Windows Vista"/>
    <property name="sun.jnu.encoding" value="GBK"/>
    <property name="java.library.path" value="C:\Program Files\Java\jdk1.6.0_13\jre\bin;.;C:\windows\Sun\Java\bin;C:\windows\system32;C:\windows;D:\product\bin;D:\product\11.1.0\client_1;C:\Program Files\RSA SecurID Token Common;C:\windows\system32;C:\windows;C:\windows\System32\Wbem;C:\windows\System32\WindowsPowerShell\v1.0\;C:\windows\System32\WindowsPowerShell\v1.0\;D:\Program Files\Subversion\bin;d:\Program Files\Microsoft SQL Server\100\Tools\Binn\;d:\Program Files\Microsoft SQL Server\100\DTS\Binn\;d:\Program Files\Microsoft SQL Server\100\Tools\Binn\VSShell\Common7\IDE\;D:\HashiCorp\Vagrant\bin;d:\Program Files\Git\cmd;D:\opensource\springside-3.3.2-all-in-one\springside-3.3.2\tools\maven\apache-maven-2.2.1\bin;C:\Program Files\Microsoft ASP.NET\ASP.NET Web Pages\v1.0\;C:\Program Files\Microsoft SQL Server\110\Tools\Binn\;C:\Program Files\Windows Kits\8.0\Windows Performance Toolkit\;C:\Program Files\Microsoft\Web Platform Installer\;C:\Program Files\Microsoft SQL Server\120\Tools\Binn\;D:\Program Files\MySQL\MySQL Server 5.0\bin;D:\d\apache-ant-1.7.1\bin;D:\Python27;D:\Program Files\TortoiseSVN\bin;C:\Program Files\Java\jdk1.6.0_13\bin;D:\opensource\game-dev\cocos2d-js-v3.0-beta\tools\cocos2d-console\bin"/>
    <property name="surefire.test.class.path" value="d:\d\workspace2\tianyaweixin\target\test-classes;d:\d\workspace2\tianyaweixin\target\classes;D:\central-repository\com\dalian\genpact\framework-bin\1.0.1\framework-bin-1.0.1.jar;D:\central-repository\com\dalian\genpact\workflow\workflow-engine\1.0.1\workflow-engine-1.0.1.jar;D:\central-repository\org\activiti\activiti-engine\5.2\activiti-engine-5.2.jar;D:\central-repository\org\apache\commons\commons-email\1.2\commons-email-1.2.jar;D:\central-repository\javax\mail\mail\1.4.3\mail-1.4.3.jar;D:\central-repository\javax\activation\activation\1.1.1\activation-1.1.1.jar;D:\central-repository\org\livetribe\livetribe-jsr223\2.0.6\livetribe-jsr223-2.0.6.jar;D:\central-repository\org\mybatis\mybatis\3.0.1\mybatis-3.0.1.jar;D:\central-repository\org\springframework\spring-beans\3.0.2.RELEASE\spring-beans-3.0.2.RELEASE.jar;D:\central-repository\org\springframework\spring-core\3.0.2.RELEASE\spring-core-3.0.2.RELEASE.jar;D:\central-repository\org\springframework\spring-asm\3.0.2.RELEASE\spring-asm-3.0.2.RELEASE.jar;D:\central-repository\commons-logging\commons-logging\1.1.1\commons-logging-1.1.1.jar;D:\central-repository\org\activiti\activiti-spring\5.2\activiti-spring-5.2.jar;D:\central-repository\org\springframework\spring-context\3.0.2.RELEASE\spring-context-3.0.2.RELEASE.jar;D:\central-repository\org\springframework\spring-aop\3.0.2.RELEASE\spring-aop-3.0.2.RELEASE.jar;D:\central-repository\aopalliance\aopalliance\1.0\aopalliance-1.0.jar;D:\central-repository\org\springframework\spring-expression\3.0.2.RELEASE\spring-expression-3.0.2.RELEASE.jar;D:\central-repository\org\springframework\spring-jdbc\3.0.2.RELEASE\spring-jdbc-3.0.2.RELEASE.jar;D:\central-repository\org\springframework\spring-tx\3.0.3.RELEASE\spring-tx-3.0.3.RELEASE.jar;D:\central-repository\org\springframework\spring-test\3.0.2.RELEASE\spring-test-3.0.2.RELEASE.jar;D:\central-repository\org\springframework\spring-orm\3.0.2.RELEASE\spring-orm-3.0.2.RELEASE.jar;D:\central-repository\commons-dbcp\commons-dbcp\1.3\commons-dbcp-1.3.jar;D:\central-repository\commons-pool\commons-pool\1.5.4\commons-pool-1.5.4.jar;D:\central-repository\org\springframework\spring-context-support\3.0.3.RELEASE\spring-context-support-3.0.3.RELEASE.jar;D:\central-repository\org\freemarker\freemarker\2.3.16\freemarker-2.3.16.jar;D:\central-repository\org\hibernate\hibernate-core\3.3.2.GA\hibernate-core-3.3.2.GA.jar;D:\central-repository\antlr\antlr\2.7.6\antlr-2.7.6.jar;D:\central-repository\commons-collections\commons-collections\3.2.1\commons-collections-3.2.1.jar;D:\central-repository\dom4j\dom4j\1.6.1\dom4j-1.6.1.jar;D:\central-repository\xml-apis\xml-apis\1.3.02\xml-apis-1.3.02.jar;D:\central-repository\javax\transaction\jta\1.1\jta-1.1.jar;D:\central-repository\org\slf4j\slf4j-api\1.6.0\slf4j-api-1.6.0.jar;D:\central-repository\org\hibernate\hibernate-annotations\3.4.0.GA\hibernate-annotations-3.4.0.GA.jar;D:\central-repository\org\hibernate\ejb3-persistence\1.0.2.GA\ejb3-persistence-1.0.2.GA.jar;D:\central-repository\org\hibernate\hibernate-commons-annotations\3.1.0.GA\hibernate-commons-annotations-3.1.0.GA.jar;D:\central-repository\org\hibernate\hibernate-ehcache\3.3.2.GA\hibernate-ehcache-3.3.2.GA.jar;D:\central-repository\net\sf\ehcache\ehcache\1.6.2\ehcache-1.6.2.jar;D:\central-repository\org\hibernate\hibernate-c3p0\3.3.2.GA\hibernate-c3p0-3.3.2.GA.jar;D:\central-repository\c3p0\c3p0\0.9.1\c3p0-0.9.1.jar;D:\central-repository\javassist\javassist\3.11.0.GA\javassist-3.11.0.GA.jar;D:\central-repository\org\apache\velocity\velocity\1.6.4\velocity-1.6.4.jar;D:\central-repository\commons-lang\commons-lang\2.5\commons-lang-2.5.jar;D:\central-repository\oro\oro\2.0.8\oro-2.0.8.jar;D:\central-repository\org\springside\springside3-core\3.3.2\springside3-core-3.3.2.jar;D:\central-repository\org\springside\springside3-extension\3.3.2\springside3-extension-3.3.2.jar;D:\central-repository\org\aspectj\aspectjweaver\1.6.8\aspectjweaver-1.6.8.jar;D:\central-repository\cglib\cglib-nodep\2.2\cglib-nodep-2.2.jar;D:\central-repository\org\apache\geronimo\specs\geronimo-annotation_1.0_spec\1.1.1\geronimo-annotation_1.0_spec-1.1.1.jar;D:\central-repository\com\sun\grizzly\grizzly-servlet-webserver\1.9.18-i\grizzly-servlet-webserver-1.9.18-i.jar;D:\central-repository\com\sun\grizzly\grizzly-http\1.9.18-i\grizzly-http-1.9.18-i.jar;D:\central-repository\com\sun\grizzly\grizzly-framework\1.9.18-i\grizzly-framework-1.9.18-i.jar;D:\central-repository\com\sun\grizzly\grizzly-utils\1.9.18-i\grizzly-utils-1.9.18-i.jar;D:\central-repository\com\sun\grizzly\grizzly-rcm\1.9.18-i\grizzly-rcm-1.9.18-i.jar;D:\central-repository\com\sun\grizzly\grizzly-portunif\1.9.18-i\grizzly-portunif-1.9.18-i.jar;D:\central-repository\com\sun\grizzly\grizzly-http-servlet\1.9.18-i\grizzly-http-servlet-1.9.18-i.jar;D:\central-repository\javax\servlet\servlet-api\2.5\servlet-api-2.5.jar;D:\central-repository\com\sun\jersey\jersey-server\1.8\jersey-server-1.8.jar;D:\central-repository\asm\asm\3.2\asm-3.2.jar;D:\central-repository\com\sun\jersey\jersey-core\1.8\jersey-core-1.8.jar;D:\central-repository\com\sun\jersey\jersey-client\1.8\jersey-client-1.8.jar;D:\central-repository\com\sun\jersey\jersey-json\1.8\jersey-json-1.8.jar;D:\central-repository\org\codehaus\jettison\jettison\1.1\jettison-1.1.jar;D:\central-repository\stax\stax-api\1.0.1\stax-api-1.0.1.jar;D:\central-repository\com\sun\xml\bind\jaxb-impl\2.2.1\jaxb-impl-2.2.1.jar;D:\central-repository\javax\xml\bind\jaxb-api\2.2.1\jaxb-api-2.2.1.jar;D:\central-repository\javax\xml\stream\stax-api\1.0-2\stax-api-1.0-2.jar;D:\central-repository\org\codehaus\jackson\jackson-core-asl\1.5.2\jackson-core-asl-1.5.2.jar;D:\central-repository\org\codehaus\jackson\jackson-mapper-asl\1.5.2\jackson-mapper-asl-1.5.2.jar;D:\central-repository\org\codehaus\jackson\jackson-jaxrs\1.5.2\jackson-jaxrs-1.5.2.jar;D:\central-repository\org\codehaus\jackson\jackson-xc\1.7.1\jackson-xc-1.7.1.jar;D:\central-repository\com\sun\jersey\contribs\jersey-spring\1.8\jersey-spring-1.8.jar;D:\central-repository\org\springframework\spring-web\3.0.2.RELEASE\spring-web-3.0.2.RELEASE.jar;D:\central-repository\mysql-connector-java\mysql-connector-java\5.1.7\mysql-connector-java-5.1.7.jar;D:\central-repository\org\apache\struts\struts2-core\2.1.8.1\struts2-core-2.1.8.1.jar;D:\central-repository\com\opensymphony\xwork-core\2.1.6\xwork-core-2.1.6.jar;D:\central-repository\ognl\ognl\2.7.3\ognl-2.7.3.jar;D:\central-repository\commons-fileupload\commons-fileupload\1.2.1\commons-fileupload-1.2.1.jar;D:\central-repository\commons-io\commons-io\1.4\commons-io-1.4.jar;D:\central-repository\org\apache\struts\struts2-config-browser-plugin\2.1.8.1\struts2-config-browser-plugin-2.1.8.1.jar;D:\central-repository\junit\junit\4.8.1\junit-4.8.1.jar;D:\central-repository\org\apache\struts\struts2-convention-plugin\2.1.8.1\struts2-convention-plugin-2.1.8.1.jar;D:\central-repository\org\apache\struts\struts2-spring-plugin\2.1.8.1\struts2-spring-plugin-2.1.8.1.jar;D:\central-repository\org\springframework\spring-webmvc\3.0.2.RELEASE\spring-webmvc-3.0.2.RELEASE.jar;D:\central-repository\javax\servlet\jstl\1.1.2\jstl-1.1.2.jar;D:\central-repository\taglibs\standard\1.1.2\standard-1.1.2.jar;D:\central-repository\org\springframework\security\spring-security-core\3.0.2.RELEASE\spring-security-core-3.0.2.RELEASE.jar;D:\central-repository\org\aspectj\aspectjrt\1.6.8\aspectjrt-1.6.8.jar;D:\central-repository\org\springframework\security\spring-security-config\3.0.2.RELEASE\spring-security-config-3.0.2.RELEASE.jar;D:\central-repository\org\springframework\security\spring-security-taglibs\3.0.2.RELEASE\spring-security-taglibs-3.0.2.RELEASE.jar;D:\central-repository\org\springframework\security\spring-security-web\3.0.2.RELEASE\spring-security-web-3.0.2.RELEASE.jar;D:\central-repository\org\springframework\security\spring-security-acl\3.0.2.RELEASE\spring-security-acl-3.0.2.RELEASE.jar;D:\central-repository\org\slf4j\slf4j-log4j12\1.6.0\slf4j-log4j12-1.6.0.jar;D:\central-repository\log4j\log4j\1.2.16\log4j-1.2.16.jar;D:\central-repository\log4j\apache-log4j-extras\1.1\apache-log4j-extras-1.1.jar;D:\central-repository\commons-beanutils\commons-beanutils\1.8.3\commons-beanutils-1.8.3.jar;D:\central-repository\com\google\collections\google-collections\1.0\google-collections-1.0.jar;D:\central-repository\org\hibernate\hibernate-tools\3.2.3.GA\hibernate-tools-3.2.3.GA.jar;D:\central-repository\org\beanshell\bsh\2.0b4\bsh-2.0b4.jar;D:\central-repository\org\hibernate\jtidy\r8-20060801\jtidy-r8-20060801.jar;D:\central-repository\org\drools\drools-core\5.1.1\drools-core-5.1.1.jar;D:\central-repository\org\mvel\mvel2\2.0.16\mvel2-2.0.16.jar;D:\central-repository\org\drools\drools-api\5.1.1\drools-api-5.1.1.jar;D:\central-repository\org\drools\drools-compiler\5.1.1\drools-compiler-5.1.1.jar;D:\central-repository\org\antlr\antlr-runtime\3.1.3\antlr-runtime-3.1.3.jar;D:\central-repository\org\eclipse\jdt\core\compiler\ecj\3.5.1\ecj-3.5.1.jar;D:\central-repository\org\jboss\jbossall-client\4.0.5.GA\jbossall-client-4.0.5.GA.jar;D:\central-repository\net\sf\json-lib\json-lib\2.3\json-lib-2.3-jdk15.jar;D:\central-repository\net\sf\ezmorph\ezmorph\1.0.6\ezmorph-1.0.6.jar;D:\central-repository\org\mybatis\mybatis-spring\1.0.0-RC3\mybatis-spring-1.0.0-RC3.jar;D:\central-repository\org\mybatis\generator\mybatis-generator-core\1.3.0\mybatis-generator-core-1.3.0.jar;D:\central-repository\org\apache\ant\ant\1.7.0\ant-1.7.0.jar;D:\central-repository\org\apache\ant\ant-launcher\1.7.0\ant-launcher-1.7.0.jar;D:\central-repository\com\atomikos\transactions-jta\3.6.4\transactions-jta-3.6.4.jar;D:\central-repository\com\atomikos\atomikos-util\3.6.4\atomikos-util-3.6.4.jar;D:\central-repository\com\atomikos\transactions-api\3.6.4\transactions-api-3.6.4.jar;D:\central-repository\com\atomikos\transactions-jdbc-deprecated\3.6.4\transactions-jdbc-deprecated-3.6.4.jar;D:\central-repository\com\atomikos\transactions-jdbc\3.6.4\transactions-jdbc-3.6.4.jar;D:\central-repository\com\atomikos\transactions-jms-deprecated\3.6.4\transactions-jms-deprecated-3.6.4.jar;D:\central-repository\com\atomikos\transactions-jms\3.6.4\transactions-jms-3.6.4.jar;D:\central-repository\com\atomikos\transactions\3.6.4\transactions-3.6.4.jar;D:\central-repository\org\apache\geronimo\specs\geronimo-jta_1.0.1B_spec\1.0.1\geronimo-jta_1.0.1B_spec-1.0.1.jar;D:\central-repository\com\atomikos\transactions-hibernate3\3.6.4\transactions-hibernate3-3.6.4.jar;D:\central-repository\org\apache\poi\poi\3.6\poi-3.6.jar;D:\central-repository\net\sf\jasperreports\jasperreports\4.0.1\jasperreports-4.0.1.jar;D:\central-repository\commons-digester\commons-digester\1.7\commons-digester-1.7.jar;D:\central-repository\com\lowagie\itext\2.1.7\itext-2.1.7.jar;D:\central-repository\bouncycastle\bcmail-jdk14\138\bcmail-jdk14-138.jar;D:\central-repository\bouncycastle\bcprov-jdk14\138\bcprov-jdk14-138.jar;D:\central-repository\org\bouncycastle\bctsp-jdk14\1.38\bctsp-jdk14-1.38.jar;D:\central-repository\org\bouncycastle\bcprov-jdk14\1.38\bcprov-jdk14-1.38.jar;D:\central-repository\org\bouncycastle\bcmail-jdk14\1.38\bcmail-jdk14-1.38.jar;D:\central-repository\jfree\jcommon\1.0.15\jcommon-1.0.15.jar;D:\central-repository\jfree\jfreechart\1.0.12\jfreechart-1.0.12.jar;D:\central-repository\eclipse\jdtcore\3.1.0\jdtcore-3.1.0.jar;D:\central-repository\org\codehaus\groovy\groovy-all\1.7.5\groovy-all-1.7.5.jar;D:\central-repository\net\sourceforge\jexcelapi\jxl\2.6.10\jxl-2.6.10.jar;D:\central-repository\net\sf\jxls\jxls-core\0.9.9\jxls-core-0.9.9.jar;D:\central-repository\commons-jexl\commons-jexl\1.1\commons-jexl-1.1.jar;D:\central-repository\oracle\jdbc\driver\ojdbc\14\ojdbc-14.jar;D:\central-repository\com\alibaba\appengine\services-api\1.4.15\services-api-1.4.15.jar;D:\central-repository\com\thoughtworks\xstream\xstream\1.4.7\xstream-1.4.7.jar;D:\central-repository\xmlpull\xmlpull\1.1.3.1\xmlpull-1.1.3.1.jar;D:\central-repository\xpp3\xpp3_min\1.1.4c\xpp3_min-1.1.4c.jar;D:\central-repository\com\sun\jersey\jersey-test-framework\jersey-test-framework-grizzly2\1.8\jersey-test-framework-grizzly2-1.8.jar;D:\central-repository\com\sun\jersey\jersey-test-framework\jersey-test-framework-core\1.8\jersey-test-framework-core-1.8.jar;D:\central-repository\org\glassfish\javax.servlet\3.0\javax.servlet-3.0.jar;D:\central-repository\com\sun\jersey\jersey-grizzly2\1.8\jersey-grizzly2-1.8.jar;D:\central-repository\org\glassfish\grizzly\grizzly-http\2.1.1\grizzly-http-2.1.1.jar;D:\central-repository\org\glassfish\grizzly\grizzly-framework\2.1.1\grizzly-framework-2.1.1.jar;D:\central-repository\org\glassfish\gmbal\gmbal-api-only\3.0.0-b023\gmbal-api-only-3.0.0-b023.jar;D:\central-repository\org\glassfish\external\management-api\3.0.0-b012\management-api-3.0.0-b012.jar;D:\central-repository\org\glassfish\grizzly\grizzly-http-server\2.1.1\grizzly-http-server-2.1.1.jar;D:\central-repository\org\glassfish\grizzly\grizzly-rcm\2.1.1\grizzly-rcm-2.1.1.jar;D:\central-repository\org\glassfish\grizzly\grizzly-http-servlet\2.1.1\grizzly-http-servlet-2.1.1.jar;D:\central-repository\org\glassfish\grizzly\grizzly-framework\2.1.1\grizzly-framework-2.1.1-tests.jar;D:\central-repository\org\easymock\easymock\3.0\easymock-3.0.jar;D:\central-repository\org\objenesis\objenesis\1.2\objenesis-1.2.jar;D:\central-repository\org\seleniumhq\selenium\selenium-htmlunit-driver\2.0a2\selenium-htmlunit-driver-2.0a2.jar;D:\central-repository\org\seleniumhq\selenium\selenium-common\2.0a2\selenium-common-2.0a2.jar;D:\central-repository\net\sourceforge\htmlunit\htmlunit\2.6\htmlunit-2.6.jar;D:\central-repository\xalan\xalan\2.7.1\xalan-2.7.1.jar;D:\central-repository\xalan\serializer\2.7.1\serializer-2.7.1.jar;D:\central-repository\commons-httpclient\commons-httpclient\3.1\commons-httpclient-3.1.jar;D:\central-repository\commons-codec\commons-codec\1.4\commons-codec-1.4.jar;D:\central-repository\net\sourceforge\htmlunit\htmlunit-core-js\2.6\htmlunit-core-js-2.6.jar;D:\central-repository\xerces\xercesImpl\2.9.1\xercesImpl-2.9.1.jar;D:\central-repository\net\sourceforge\nekohtml\nekohtml\1.9.13\nekohtml-1.9.13.jar;D:\central-repository\net\sourceforge\cssparser\cssparser\0.9.5\cssparser-0.9.5.jar;D:\central-repository\org\w3c\css\sac\1.3\sac-1.3.jar;D:\central-repository\org\seleniumhq\selenium\selenium-firefox-driver\2.0a2\selenium-firefox-driver-2.0a2.jar;D:\central-repository\org\json\json\20080701\json-20080701.jar;D:\central-repository\org\seleniumhq\selenium\selenium-ie-driver\2.0a2\selenium-ie-driver-2.0a2.jar;D:\central-repository\net\java\dev\jna\jna\3.2.2\jna-3.2.2.jar;D:\central-repository\org\seleniumhq\selenium\selenium-remote-client\2.0a2\selenium-remote-client-2.0a2.jar;D:\central-repository\org\seleniumhq\selenium\selenium-remote-common\2.0a2\selenium-remote-common-2.0a2.jar;D:\central-repository\com\h2database\h2\1.2.135\h2-1.2.135.jar;D:\central-repository\org\dbunit\dbunit\2.4.7\dbunit-2.4.7.jar;D:\central-repository\org\mortbay\jetty\jetty\6.1.24\jetty-6.1.24.jar;D:\central-repository\org\mortbay\jetty\jetty-util\6.1.24\jetty-util-6.1.24.jar;D:\central-repository\org\mortbay\jetty\servlet-api\2.5-20081211\servlet-api-2.5-20081211.jar;D:\central-repository\org\mortbay\jetty\jsp-2.1-jetty\6.1.24\jsp-2.1-jetty-6.1.24.jar;D:\central-repository\org\eclipse\jdt\core\3.1.1\core-3.1.1.jar;D:\central-repository\org\mortbay\jetty\jsp-api-2.1-glassfish\2.1.v20091210\jsp-api-2.1-glassfish-2.1.v20091210.jar;D:\central-repository\org\mortbay\jetty\jsp-2.1-glassfish\2.1.v20091210\jsp-2.1-glassfish-2.1.v20091210.jar;"/>
    <property name="java.specification.name" value="Java Platform API Specification"/>
    <property name="java.class.version" value="50.0"/>
    <property name="sun.management.compiler" value="HotSpot Client Compiler"/>
    <property name="os.version" value="6.1"/>
    <property name="user.home" value="D:\Users\710000541"/>
    <property name="user.timezone" value=""/>
    <property name="java.awt.printerjob" value="sun.awt.windows.WPrinterJob"/>
    <property name="file.encoding" value="GBK"/>
    <property name="java.specification.version" value="1.6"/>
    <property name="user.name" value="710000541"/>
    <property name="java.class.path" value="D:\central-repository\org\apache\maven\surefire\surefire-booter\2.5\surefire-booter-2.5.jar;D:\central-repository\org\apache\maven\surefire\surefire-api\2.5\surefire-api-2.5.jar"/>
    <property name="java.vm.specification.version" value="1.0"/>
    <property name="sun.arch.data.model" value="32"/>
    <property name="java.home" value="C:\Program Files\Java\jdk1.6.0_13\jre"/>
    <property name="java.specification.vendor" value="Sun Microsystems Inc."/>
    <property name="user.language" value="zh"/>
    <property name="awt.toolkit" value="sun.awt.windows.WToolkit"/>
    <property name="java.vm.info" value="mixed mode, sharing"/>
    <property name="java.version" value="1.6.0_13"/>
    <property name="java.ext.dirs" value="C:\Program Files\Java\jdk1.6.0_13\jre\lib\ext;C:\windows\Sun\Java\lib\ext"/>
    <property name="sun.boot.class.path" value="C:\Program Files\Java\jdk1.6.0_13\jre\lib\resources.jar;C:\Program Files\Java\jdk1.6.0_13\jre\lib\rt.jar;C:\Program Files\Java\jdk1.6.0_13\jre\lib\sunrsasign.jar;C:\Program Files\Java\jdk1.6.0_13\jre\lib\jsse.jar;C:\Program Files\Java\jdk1.6.0_13\jre\lib\jce.jar;C:\Program Files\Java\jdk1.6.0_13\jre\lib\charsets.jar;C:\Program Files\Java\jdk1.6.0_13\jre\classes"/>
    <property name="java.vendor" value="Sun Microsystems Inc."/>
    <property name="localRepository" value="D:\central-repository"/>
    <property name="file.separator" value="\"/>
    <property name="java.vendor.url.bug" value="http://java.sun.com/cgi-bin/bugreport.cgi"/>
    <property name="sun.cpu.endian" value="little"/>
    <property name="sun.io.unicode.encoding" value="UnicodeLittle"/>
    <property name="sun.desktop" value="windows"/>
    <property name="sun.cpu.isalist" value="pentium_pro+mmx pentium_pro pentium+mmx pentium i486 i386 i86"/>
  </properties>
  <testcase time="0.014" classname="com.dalian.genpact.tianyaweixin.junit.DemoTest" name="initializationError">
    <error message="No runnable methods" type="java.lang.Exception">java.lang.Exception: No runnable methods
	at org.junit.runners.BlockJUnit4ClassRunner.validateInstanceMethods(BlockJUnit4ClassRunner.java:171)
	at org.junit.runners.BlockJUnit4ClassRunner.collectInitializationErrors(BlockJUnit4ClassRunner.java:115)
	at org.junit.runners.ParentRunner.validate(ParentRunner.java:269)
	at org.junit.runners.ParentRunner.&lt;init&gt;(ParentRunner.java:66)
	at org.junit.runners.BlockJUnit4ClassRunner.&lt;init&gt;(BlockJUnit4ClassRunner.java:59)
	at org.junit.internal.builders.JUnit4Builder.runnerForClass(JUnit4Builder.java:13)
	at org.junit.runners.model.RunnerBuilder.safeRunnerForClass(RunnerBuilder.java:57)
	at org.junit.internal.builders.AllDefaultPossibilitiesBuilder.runnerForClass(AllDefaultPossibilitiesBuilder.java:29)
	at org.junit.runners.model.RunnerBuilder.safeRunnerForClass(RunnerBuilder.java:57)
	at org.junit.internal.requests.ClassRequest.getRunner(ClassRequest.java:24)
	at org.apache.maven.surefire.junit4.JUnit4TestSet.execute(JUnit4TestSet.java:51)
	at org.apache.maven.surefire.suite.AbstractDirectoryTestSuite.executeTestSet(AbstractDirectoryTestSuite.java:115)
	at org.apache.maven.surefire.suite.AbstractDirectoryTestSuite.execute(AbstractDirectoryTestSuite.java:102)
	at org.apache.maven.surefire.Surefire.run(Surefire.java:180)
	at sun.reflect.NativeMethodAccessorImpl.invoke0(Native Method)
	at sun.reflect.NativeMethodAccessorImpl.invoke(NativeMethodAccessorImpl.java:39)
	at sun.reflect.DelegatingMethodAccessorImpl.invoke(DelegatingMethodAccessorImpl.java:25)
	at java.lang.reflect.Method.invoke(Method.java:597)
	at org.apache.maven.surefire.booter.SurefireBooter.runSuitesInProcess(SurefireBooter.java:350)
	at org.apache.maven.surefire.booter.SurefireBooter.main(SurefireBooter.java:1021)
</error>
  </testcase>
</testsuite>